# JRE version: Java(TM) SE Runtime Environment (12.0.2+10) (build 12.0.2+10)
# Java VM: Java HotSpot(TM) 64-Bit Server VM (12.0.2+10, mixed mode, sharing, tiered, compressed oops, g1 gc, bsd-amd64)
Heap:
 garbage-first heap   total 385024K, used 190848K [0x0000000400000000, 0x0000000800000000)
  region size 4096K, 24 young (98304K), 1 survivors (4096K)
 Metaspace       used 99402K, capacity 103288K, committed 103676K, reserved 1138688K
  class space    used 13139K, capacity 15045K, committed 15104K, reserved 1048576K
GC Heap History (10 events):
Event: 455.465 GC heap before
{Heap before GC invocations=113 (full 0):
 garbage-first heap   total 364544K, used 296461K [0x0000000400000000, 0x0000000800000000)
  region size 4096K, 45 young (184320K), 3 survivors (12288K)
 Metaspace       used 82486K, capacity 85093K, committed 85244K, reserved 1122304K
  class space    used 10523K, capacity 11740K, committed 11776K, reserved 1048576K
}
Event: 455.472 GC heap after
{Heap after GC invocations=114 (full 0):
 garbage-first heap   total 364544K, used 124519K [0x0000000400000000, 0x0000000800000000)
  region size 4096K, 3 young (12288K), 3 survivors (12288K)
 Metaspace       used 82486K, capacity 85093K, committed 85244K, reserved 1122304K
  class space    used 10523K, capacity 11740K, committed 11776K, reserved 1048576K
}
Event: 458.458 GC heap before
{Heap before GC invocations=114 (full 0):
 garbage-first heap   total 364544K, used 235111K [0x0000000400000000, 0x0000000800000000)
  region size 4096K, 28 young (114688K), 3 survivors (12288K)
 Metaspace       used 94186K, capacity 97610K, committed 97916K, reserved 1132544K
  class space    used 12468K, capacity 14113K, committed 14208K, reserved 1048576K
}
Event: 458.465 GC heap after
{Heap after GC invocations=115 (full 0):
 garbage-first heap   total 364544K, used 130095K [0x0000000400000000, 0x0000000800000000)
  region size 4096K, 4 young (16384K), 4 survivors (16384K)
 Metaspace       used 94186K, capacity 97610K, committed 97916K, reserved 1132544K
  class space    used 12468K, capacity 14113K, committed 14208K, reserved 1048576K
}
Event: 459.744 GC heap before
{Heap before GC invocations=116 (full 0):
 garbage-first heap   total 364544K, used 351279K [0x0000000400000000, 0x0000000800000000)
  region size 4096K, 30 young (122880K), 4 survivors (16384K)
 Metaspace       used 96600K, capacity 100299K, committed 100476K, reserved 1134592K
  class space    used 12857K, capacity 14651K, committed 14720K, reserved 1048576K
}
Event: 459.751 GC heap after
{Heap after GC invocations=117 (full 0):
 garbage-first heap   total 380928K, used 123243K [0x0000000400000000, 0x0000000800000000)
  region size 4096K, 4 young (16384K), 4 survivors (16384K)
 Metaspace       used 96600K, capacity 100299K, committed 100476K, reserved 1134592K
  class space    used 12857K, capacity 14651K, committed 14720K, reserved 1048576K
}
Event: 459.819 GC heap before
{Heap before GC invocations=117 (full 0):
 garbage-first heap   total 380928K, used 135531K [0x0000000400000000, 0x0000000800000000)
  region size 4096K, 5 young (20480K), 4 survivors (16384K)
 Metaspace       used 96929K, capacity 100703K, committed 100860K, reserved 1134592K
  class space    used 12932K, capacity 14734K, committed 14848K, reserved 1048576K
}
Event: 459.824 GC heap after
{Heap after GC invocations=118 (full 0):
 garbage-first heap   total 380928K, used 99147K [0x0000000400000000, 0x0000000800000000)
  region size 4096K, 1 young (4096K), 1 survivors (4096K)
 Metaspace       used 96929K, capacity 100703K, committed 100860K, reserved 1134592K
  class space    used 12932K, capacity 14734K, committed 14848K, reserved 1048576K
}
Event: 462.039 GC heap before
{Heap before GC invocations=118 (full 0):
 garbage-first heap   total 380928K, used 369483K [0x0000000400000000, 0x0000000800000000)
  region size 4096K, 39 young (159744K), 1 survivors (4096K)
 Metaspace       used 99365K, capacity 103284K, committed 103676K, reserved 1138688K
  class space    used 13139K, capacity 15045K, committed 15104K, reserved 1048576K
}
Event: 462.042 GC heap after
{Heap after GC invocations=119 (full 0):
 garbage-first heap   total 385024K, used 100736K [0x0000000400000000, 0x0000000800000000)
  region size 4096K, 1 young (4096K), 1 survivors (4096K)
 Metaspace       used 99365K, capacity 103284K, committed 103676K, reserved 1138688K
  class space    used 13139K, capacity 15045K, committed 15104K, reserved 1048576K
}

